#
# There is insufficient memory for the Java Runtime Environment to continue.
# Native memory allocation (mmap) failed to map 130023424 bytes for G1 virtual space
# Possible reasons:
#   The system is out of physical RAM or swap space
#   The process is running with CompressedOops enabled, and the Java Heap may be blocking the growth of the native heap
# Possible solutions:
#   Reduce memory load on the system
#   Increase physical memory or swap space
#   Check if swap backing store is full
#   Decrease Java heap size (-Xmx/-Xms)
#   Decrease number of Java threads
#   Decrease Java thread stack sizes (-Xss)
#   Set larger code cache with -XX:ReservedCodeCacheSize=
#   JVM is running with Unscaled Compressed Oops mode in which the Java heap is
#     placed in the first 4GB address space. The Java Heap base address is the
#     maximum limit for the native heap growth. Please use -XX:HeapBaseMinAddress
#     to set the Java Heap base and to place the Java Heap above 4GB virtual address.
# This output file may be truncated or incomplete.
#
#  Out of Memory Error (os_windows.cpp:3528), pid=3264, tid=22040
#
# JRE version:  (20.0+36) (build )
# Java VM: Java HotSpot(TM) 64-Bit Server VM (20+36-2344, mixed mode, sharing, tiered, compressed oops, compressed class ptrs, g1 gc, windows-amd64)
# No core dump will be written. Minidumps are not enabled by default on client versions of Windows
#

---------------  S U M M A R Y ------------

Command Line: -Dfile.encoding=UTF-8 -XX:+ShowCodeDetailsInExceptionMessages hust.soict.hedspi.aims.screen.StoreManagerScreen

Host: 12th Gen Intel(R) Core(TM) i5-12450H, 12 cores, 7G,  Windows 11 , 64 bit Build 22621 (10.0.22621.2506)
Time: Mon Dec  4 19:20:26 2023 SE Asia Standard Time elapsed time: 0.008383 seconds (0d 0h 0m 0s)

---------------  T H R E A D  ---------------

Current thread (0x000001c14d777eb0):  JavaThread "Unknown thread" [_thread_in_vm, id=22040, stack(0x00000075da600000,0x00000075da700000)]

Stack: [0x00000075da600000,0x00000075da700000]
Native frames: (J=compiled Java code, j=interpreted, Vv=VM code, C=native code)
V  [jvm.dll+0x6bb95a]
V  [jvm.dll+0x8483aa]
V  [jvm.dll+0x849fa5]
V  [jvm.dll+0x84a6a3]
V  [jvm.dll+0x280b0f]
V  [jvm.dll+0x6b86e9]
V  [jvm.dll+0x6ad2da]
V  [jvm.dll+0x35adf5]
V  [jvm.dll+0x363016]
V  [jvm.dll+0x3b3b3e]
V  [jvm.dll+0x3b3dc5]
V  [jvm.dll+0x32b50a]
V  [jvm.dll+0x32c32b]
V  [jvm.dll+0x81106f]
V  [jvm.dll+0x3c0d91]
V  [jvm.dll+0x7fcd93]
V  [jvm.dll+0x44c76f]
V  [jvm.dll+0x44e0e1]
C  [jli.dll+0x5287]
C  [ucrtbase.dll+0x29363]
C  [KERNEL32.DLL+0x1257d]
C  [ntdll.dll+0x5aa58]


---------------  P R O C E S S  ---------------

Threads class SMR info:
_java_thread_list=0x00007ffeba9ba098, length=0, elements={
}

Java Threads: ( => current thread )

Other Threads:
  0x000001c14d7d7890 WorkerThread "GC Thread#0" [stack: 0x00000075da700000,0x00000075da800000] [id=45540]
  0x000001c14d7e85a0 ConcurrentGCThread "G1 Main Marker" [stack: 0x00000075da800000,0x00000075da900000] [id=46504]
  0x000001c14d7e8fd0 WorkerThread "G1 Conc#0" [stack: 0x00000075da900000,0x00000075daa00000] [id=47520]

[error occurred during error reporting (printing all threads), id 0xc0000005, EXCEPTION_ACCESS_VIOLATION (0xc0000005) at pc=0x00007ffeba19eb47]
VM state: not at safepoint (not fully initialized)

VM Mutex/Monitor currently owned by a thread:  ([mutex/lock_event])
[0x000001c14d774e70] Heap_lock - owner thread: 0x000001c14d777eb0

Heap address: 0x0000000085e00000, size: 1954 MB, Compressed Oops mode: 32-bit

CDS archive(s) mapped at: [0x0000000000000000-0x0000000000000000-0x0000000000000000), size 0, SharedBaseAddress: 0x0000000800000000, ArchiveRelocationMode: 0.
Narrow klass base: 0x0000000000000000, Narrow klass shift: 0, Narrow klass range: 0x0

GC Precious Log:
 CardTable entry size: 512
 Card Set container configuration: InlinePtr #cards 5 size 8 Array Of Cards #cards 12 size 40 Howl #buckets 4 coarsen threshold 1843 Howl Bitmap #cards 512 size 80 coarsen threshold 460 Card regions per heap region 1 cards per card region 2048

Heap:
 garbage-first heap   total 0K, used 0K [0x0000000085e00000, 0x0000000100000000)
  region size 1024K, 0 young (0K), 0 survivors (0K)

[error occurred during error reporting (printing heap information), id 0xc0000005, EXCEPTION_ACCESS_VIOLATION (0xc0000005) at pc=0x00007ffeba573c59]
GC Heap History (0 events):
No events

Dll operation events (1 events):
Event: 0.006 Loaded shared library C:\Program Files\Java\jdk-20\bin\java.dll

Deoptimization events (0 events):
No events

Classes loaded (0 events):
No events

Classes unloaded (0 events):
No events

Classes redefined (0 events):
No events

Internal exceptions (0 events):
No events

VM Operations (0 events):
No events

Events (0 events):
No events


Dynamic libraries:
0x00007ff66f690000 - 0x00007ff66f6a0000 	C:\Program Files\Java\jdk-20\bin\javaw.exe
0x00007fff07b10000 - 0x00007fff07d27000 	C:\WINDOWS\SYSTEM32\ntdll.dll
0x00007fff06550000 - 0x00007fff06614000 	C:\WINDOWS\System32\KERNEL32.DLL
0x00007fff05060000 - 0x00007fff05405000 	C:\WINDOWS\System32\KERNELBASE.dll
0x00007fff05530000 - 0x00007fff05641000 	C:\WINDOWS\System32\ucrtbase.dll
0x00007ffefba80000 - 0x00007ffefba99000 	C:\Program Files\Java\jdk-20\bin\jli.dll
0x00007ffefb8a0000 - 0x00007ffefb8bb000 	C:\Program Files\Java\jdk-20\bin\VCRUNTIME140.dll
0x00007fff07090000 - 0x00007fff07141000 	C:\WINDOWS\System32\ADVAPI32.dll
0x00007fff061d0000 - 0x00007fff06277000 	C:\WINDOWS\System32\msvcrt.dll
0x00007fff05c00000 - 0x00007fff05ca6000 	C:\WINDOWS\System32\sechost.dll
0x00007fff05cb0000 - 0x00007fff05dc7000 	C:\WINDOWS\System32\RPCRT4.dll
0x00007fff06bc0000 - 0x00007fff06d6e000 	C:\WINDOWS\System32\USER32.dll
0x00007fff057c0000 - 0x00007fff057e6000 	C:\WINDOWS\System32\win32u.dll
0x00007fff06ef0000 - 0x00007fff06f19000 	C:\WINDOWS\System32\GDI32.dll
0x00007ffeec4e0000 - 0x00007ffeec773000 	C:\WINDOWS\WinSxS\amd64_microsoft.windows.common-controls_6595b64144ccf1df_6.0.22621.2506_none_270c5ae97388e100\COMCTL32.dll
0x00007fff05410000 - 0x00007fff05529000 	C:\WINDOWS\System32\gdi32full.dll
0x00007fff04e80000 - 0x00007fff04f1a000 	C:\WINDOWS\System32\msvcp_win.dll
0x00007ffefb750000 - 0x00007ffefb75a000 	C:\WINDOWS\SYSTEM32\VERSION.dll
0x00007fff07a90000 - 0x00007fff07ac1000 	C:\WINDOWS\System32\IMM32.DLL
0x00007ffefcfb0000 - 0x00007ffefcfbc000 	C:\Program Files\Java\jdk-20\bin\vcruntime140_1.dll
0x00007ffef6520000 - 0x00007ffef65ae000 	C:\Program Files\Java\jdk-20\bin\msvcp140.dll
0x00007ffeb9e60000 - 0x00007ffebaaf7000 	C:\Program Files\Java\jdk-20\bin\server\jvm.dll
0x00007ffefced0000 - 0x00007ffefcf04000 	C:\WINDOWS\SYSTEM32\WINMM.dll
0x00007ffef7fa0000 - 0x00007ffef7fa9000 	C:\WINDOWS\SYSTEM32\WSOCK32.dll
0x00007fff07150000 - 0x00007fff071c1000 	C:\WINDOWS\System32\WS2_32.dll
0x00007fff03f10000 - 0x00007fff03f28000 	C:\WINDOWS\SYSTEM32\kernel.appcore.dll
0x00007ffef7f90000 - 0x00007ffef7f9a000 	C:\Program Files\Java\jdk-20\bin\jimage.dll
0x00007fff026b0000 - 0x00007fff028e3000 	C:\WINDOWS\SYSTEM32\DBGHELP.DLL
0x00007fff05860000 - 0x00007fff05be9000 	C:\WINDOWS\System32\combase.dll
0x00007fff06040000 - 0x00007fff06117000 	C:\WINDOWS\System32\OLEAUT32.dll
0x00007ffee2bd0000 - 0x00007ffee2c02000 	C:\WINDOWS\SYSTEM32\dbgcore.DLL
0x00007fff04fe0000 - 0x00007fff0505a000 	C:\WINDOWS\System32\bcryptPrimitives.dll
0x00007ffef7f60000 - 0x00007ffef7f86000 	C:\Program Files\Java\jdk-20\bin\java.dll

dbghelp: loaded successfully - version: 4.0.5 - missing functions: none
symbol engine: initialized successfully - sym options: 0x614 - pdb path: .;C:\Program Files\Java\jdk-20\bin;C:\WINDOWS\SYSTEM32;C:\WINDOWS\WinSxS\amd64_microsoft.windows.common-controls_6595b64144ccf1df_6.0.22621.2506_none_270c5ae97388e100;C:\Program Files\Java\jdk-20\bin\server

VM Arguments:
jvm_args: -Dfile.encoding=UTF-8 -XX:+ShowCodeDetailsInExceptionMessages 
java_command: hust.soict.hedspi.aims.screen.StoreManagerScreen
java_class_path (initial): C:\Users\Asus\Documents\2023.1\OOLT.VN.20231-20210386.TranHuyHoang\AimsProject\bin
Launcher Type: SUN_STANDARD

[Global flags]
     intx CICompilerCount                          = 4                                         {product} {ergonomic}
     uint ConcGCThreads                            = 3                                         {product} {ergonomic}
     uint G1ConcRefinementThreads                  = 10                                        {product} {ergonomic}
   size_t G1HeapRegionSize                         = 1048576                                   {product} {ergonomic}
    uintx GCDrainStackTargetSize                   = 64                                        {product} {ergonomic}
   size_t InitialHeapSize                          = 130023424                                 {product} {ergonomic}
   size_t MarkStackSize                            = 4194304                                   {product} {ergonomic}
   size_t MaxHeapSize                              = 2048917504                                {product} {ergonomic}
   size_t MinHeapDeltaBytes                        = 1048576                                   {product} {ergonomic}
   size_t MinHeapSize                              = 8388608                                   {product} {ergonomic}
    uintx NonNMethodCodeHeapSize                   = 5839372                                {pd product} {ergonomic}
    uintx NonProfiledCodeHeapSize                  = 122909434                              {pd product} {ergonomic}
    uintx ProfiledCodeHeapSize                     = 122909434                              {pd product} {ergonomic}
    uintx ReservedCodeCacheSize                    = 251658240                              {pd product} {ergonomic}
     bool SegmentedCodeCache                       = true                                      {product} {ergonomic}
     bool ShowCodeDetailsInExceptionMessages       = true                                   {manageable} {command line}
   size_t SoftMaxHeapSize                          = 2048917504                             {manageable} {ergonomic}
     bool UseCompressedClassPointers               = true                           {product lp64_product} {ergonomic}
     bool UseCompressedOops                        = true                           {product lp64_product} {ergonomic}
     bool UseG1GC                                  = true                                      {product} {ergonomic}
     bool UseLargePagesIndividualAllocation        = false                                  {pd product} {ergonomic}

Logging:
Log output configuration:
 #0: stdout all=warning uptime,level,tags foldmultilines=false
 #1: stderr all=off uptime,level,tags foldmultilines=false

Environment Variables:
PATH=C:\Program Files\Common Files\Oracle\Java\javapath;C:\Windows\system32;C:\Windows;C:\Windows\System32\Wbem;C:\Windows\System32\WindowsPowerShell\v1.0\;C:\Windows\System32\OpenSSH\;C:\Program Files (x86)\NVIDIA Corporation\PhysX\Common;C:\Program Files\NVIDIA Corporation\NVIDIA NvDLISR;C:\WINDOWS\system32;C:\WINDOWS;C:\WINDOWS\System32\Wbem;C:\WINDOWS\System32\WindowsPowerShell\v1.0\;C:\WINDOWS\System32\OpenSSH\;C:\msys64\mingw64\bin;C:\Program Files (x86)\Microsoft SQL Server\160\Tools\Binn\;C:\Program Files\Microsoft SQL Server\160\Tools\Binn\;C:\Program Files\Microsoft SQL Server\Client SDK\ODBC\170\Tools\Binn\;C:\Program Files\Microsoft SQL Server\160\DTS\Binn\;C:\Program Files (x86)\Microsoft SQL Server\160\DTS\Binn\;C:\Program Files\Azure Data Studio\bin;C:\Program Files\Git\cmd;C:\Program Files\Git\bin;C:\Program Files\nodejs\;C:\xampp\php;C:\ProgramData\ComposerSetup\bin;C:\Users\Asus\AppData\Local\Programs\Python\Python311\Scripts\;C:\Users\Asus\AppData\Local\Programs\Python\Python311\;C:\Program Files\MySQL\MySQL Shell 8.0\bin\;C:\Users\Asus\AppData\Local\Microsoft\WindowsApps;;C:\Users\Asus\AppData\Local\Programs\Microsoft VS Code\bin;C:\Program Files\Azure Data Studio\bin;C:\Users\Asus\AppData\Roaming\npm;C:\Users\Asus\AppData\Roaming\Composer\vendor\bin
USERNAME=Asus
OS=Windows_NT
PROCESSOR_IDENTIFIER=Intel64 Family 6 Model 154 Stepping 3, GenuineIntel
TMP=C:\Users\Asus\AppData\Local\Temp
TEMP=C:\Users\Asus\AppData\Local\Temp




---------------  S Y S T E M  ---------------

OS:
 Windows 11 , 64 bit Build 22621 (10.0.22621.2506)
OS uptime: 12 days 3:50 hours

CPU: total 12 (initial active 12) (6 cores per cpu, 2 threads per core) family 6 model 154 stepping 3 microcode 0x41c, cx8, cmov, fxsr, ht, mmx, 3dnowpref, sse, sse2, sse3, ssse3, sse4.1, sse4.2, popcnt, lzcnt, tsc, tscinvbit, avx, avx2, aes, erms, clmul, bmi1, bmi2, adx, sha, fma, vzeroupper, clflush, clflushopt, clwb, serialize, rdtscp, rdpid, fsrm, f16c, pku, cet_ibt, cet_ss

Memory: 4k page, system-wide physical 7813M (693M free)
TotalPageFile size 31342M (AvailPageFile size 50M)
current process WorkingSet (physical memory assigned to process): 11M, peak: 11M
current process commit charge ("private bytes"): 64M, peak: 188M

vm_info: Java HotSpot(TM) 64-Bit Server VM (20+36-2344) for windows-amd64 JRE (20+36-2344), built on 2023-02-10T19:30:15Z by "mach5one" with MS VC++ 17.1 (VS2022)

END.
